mode: set
github.com/davidhalasz/go-bookings/cmd/web/main.go:23.13,25.16 2 0
github.com/davidhalasz/go-bookings/cmd/web/main.go:25.16,27.3 1 0
github.com/davidhalasz/go-bookings/cmd/web/main.go:29.2,37.16 4 0
github.com/davidhalasz/go-bookings/cmd/web/main.go:40.18,55.16 10 1
github.com/davidhalasz/go-bookings/cmd/web/main.go:55.16,58.3 2 0
github.com/davidhalasz/go-bookings/cmd/web/main.go:60.2,68.12 6 1
github.com/davidhalasz/go-bookings/cmd/web/middleware.go:9.45,20.2 3 1
github.com/davidhalasz/go-bookings/cmd/web/middleware.go:22.50,24.2 1 1
github.com/davidhalasz/go-bookings/cmd/web/routes.go:13.49,38.2 17 1
