mode: set
github.com/davidhalasz/go-bookings/internal/render/render.go:21.39,23.2 1 1
github.com/davidhalasz/go-bookings/internal/render/render.go:25.84,31.2 5 1
github.com/davidhalasz/go-bookings/internal/render/render.go:33.105,36.18 2 1
github.com/davidhalasz/go-bookings/internal/render/render.go:36.18,39.3 1 0
github.com/davidhalasz/go-bookings/internal/render/render.go:39.8,41.3 1 1
github.com/davidhalasz/go-bookings/internal/render/render.go:43.2,44.9 2 1
github.com/davidhalasz/go-bookings/internal/render/render.go:44.9,47.3 1 1
github.com/davidhalasz/go-bookings/internal/render/render.go:49.2,56.16 5 1
github.com/davidhalasz/go-bookings/internal/render/render.go:56.16,59.3 2 0
github.com/davidhalasz/go-bookings/internal/render/render.go:61.2,61.12 1 1
github.com/davidhalasz/go-bookings/internal/render/render.go:65.67,70.16 3 1
github.com/davidhalasz/go-bookings/internal/render/render.go:70.16,72.3 1 0
github.com/davidhalasz/go-bookings/internal/render/render.go:74.2,74.29 1 1
github.com/davidhalasz/go-bookings/internal/render/render.go:74.29,77.17 3 1
github.com/davidhalasz/go-bookings/internal/render/render.go:77.17,79.4 1 0
github.com/davidhalasz/go-bookings/internal/render/render.go:81.3,82.17 2 1
github.com/davidhalasz/go-bookings/internal/render/render.go:82.17,84.4 1 0
github.com/davidhalasz/go-bookings/internal/render/render.go:86.3,86.23 1 1
github.com/davidhalasz/go-bookings/internal/render/render.go:86.23,88.18 2 1
github.com/davidhalasz/go-bookings/internal/render/render.go:88.18,90.5 1 0
github.com/davidhalasz/go-bookings/internal/render/render.go:93.3,93.21 1 1
github.com/davidhalasz/go-bookings/internal/render/render.go:96.2,96.21 1 1
