mode: set
github.com/davidhalasz/go-bookings/internal/handlers/handlers.go:29.62,34.2 1 0
github.com/davidhalasz/go-bookings/internal/handlers/handlers.go:37.51,42.2 1 1
github.com/davidhalasz/go-bookings/internal/handlers/handlers.go:45.33,47.2 1 1
github.com/davidhalasz/go-bookings/internal/handlers/handlers.go:50.67,52.2 1 1
github.com/davidhalasz/go-bookings/internal/handlers/handlers.go:55.68,58.2 1 1
github.com/davidhalasz/go-bookings/internal/handlers/handlers.go:61.74,63.9 2 1
github.com/davidhalasz/go-bookings/internal/handlers/handlers.go:63.9,67.3 3 1
github.com/davidhalasz/go-bookings/internal/handlers/handlers.go:69.2,70.16 2 1
github.com/davidhalasz/go-bookings/internal/handlers/handlers.go:70.16,74.3 3 1
github.com/davidhalasz/go-bookings/internal/handlers/handlers.go:76.2,94.4 11 1
github.com/davidhalasz/go-bookings/internal/handlers/handlers.go:98.78,100.9 2 1
github.com/davidhalasz/go-bookings/internal/handlers/handlers.go:100.9,104.3 3 1
github.com/davidhalasz/go-bookings/internal/handlers/handlers.go:106.2,107.16 2 1
github.com/davidhalasz/go-bookings/internal/handlers/handlers.go:107.16,111.3 3 1
github.com/davidhalasz/go-bookings/internal/handlers/handlers.go:113.2,124.19 9 1
github.com/davidhalasz/go-bookings/internal/handlers/handlers.go:124.19,133.3 5 1
github.com/davidhalasz/go-bookings/internal/handlers/handlers.go:135.2,136.16 2 1
github.com/davidhalasz/go-bookings/internal/handlers/handlers.go:136.16,140.3 3 1
github.com/davidhalasz/go-bookings/internal/handlers/handlers.go:142.2,151.16 3 1
github.com/davidhalasz/go-bookings/internal/handlers/handlers.go:151.16,155.3 3 1
github.com/davidhalasz/go-bookings/internal/handlers/handlers.go:157.2,159.66 2 1
github.com/davidhalasz/go-bookings/internal/handlers/handlers.go:164.71,166.2 1 1
github.com/davidhalasz/go-bookings/internal/handlers/handlers.go:169.69,171.2 1 1
github.com/davidhalasz/go-bookings/internal/handlers/handlers.go:174.75,176.2 1 1
github.com/davidhalasz/go-bookings/internal/handlers/handlers.go:179.79,181.16 2 1
github.com/davidhalasz/go-bookings/internal/handlers/handlers.go:181.16,185.3 3 1
github.com/davidhalasz/go-bookings/internal/handlers/handlers.go:187.2,192.16 5 1
github.com/davidhalasz/go-bookings/internal/handlers/handlers.go:192.16,196.3 3 1
github.com/davidhalasz/go-bookings/internal/handlers/handlers.go:197.2,198.16 2 1
github.com/davidhalasz/go-bookings/internal/handlers/handlers.go:198.16,202.3 3 1
github.com/davidhalasz/go-bookings/internal/handlers/handlers.go:204.2,205.16 2 1
github.com/davidhalasz/go-bookings/internal/handlers/handlers.go:205.16,209.3 3 1
github.com/davidhalasz/go-bookings/internal/handlers/handlers.go:211.2,211.21 1 1
github.com/davidhalasz/go-bookings/internal/handlers/handlers.go:211.21,216.3 3 1
github.com/davidhalasz/go-bookings/internal/handlers/handlers.go:218.2,230.4 5 1
github.com/davidhalasz/go-bookings/internal/handlers/handlers.go:242.79,245.16 2 1
github.com/davidhalasz/go-bookings/internal/handlers/handlers.go:245.16,255.3 5 1
github.com/davidhalasz/go-bookings/internal/handlers/handlers.go:257.2,267.16 8 1
github.com/davidhalasz/go-bookings/internal/handlers/handlers.go:267.16,278.3 5 1
github.com/davidhalasz/go-bookings/internal/handlers/handlers.go:279.2,290.14 4 1
github.com/davidhalasz/go-bookings/internal/handlers/handlers.go:295.81,297.9 2 1
github.com/davidhalasz/go-bookings/internal/handlers/handlers.go:297.9,301.3 3 1
github.com/davidhalasz/go-bookings/internal/handlers/handlers.go:303.2,317.4 9 1
github.com/davidhalasz/go-bookings/internal/handlers/handlers.go:321.73,324.16 3 1
github.com/davidhalasz/go-bookings/internal/handlers/handlers.go:324.16,328.3 3 1
github.com/davidhalasz/go-bookings/internal/handlers/handlers.go:330.2,331.9 2 1
github.com/davidhalasz/go-bookings/internal/handlers/handlers.go:331.9,335.3 3 1
github.com/davidhalasz/go-bookings/internal/handlers/handlers.go:337.2,341.63 3 1
github.com/davidhalasz/go-bookings/internal/handlers/handlers.go:346.71,358.16 9 1
github.com/davidhalasz/go-bookings/internal/handlers/handlers.go:358.16,362.3 3 1
github.com/davidhalasz/go-bookings/internal/handlers/handlers.go:364.2,371.63 6 1
