mode: set
github.com/davidhalasz/go-bookings/internal/handlers/handlers.go:28.62,33.2 1 0
github.com/davidhalasz/go-bookings/internal/handlers/handlers.go:35.51,40.2 1 1
github.com/davidhalasz/go-bookings/internal/handlers/handlers.go:42.33,44.2 1 1
github.com/davidhalasz/go-bookings/internal/handlers/handlers.go:46.67,48.2 1 1
github.com/davidhalasz/go-bookings/internal/handlers/handlers.go:50.68,52.2 1 1
github.com/davidhalasz/go-bookings/internal/handlers/handlers.go:54.71,56.2 1 1
github.com/davidhalasz/go-bookings/internal/handlers/handlers.go:58.69,60.2 1 1
github.com/davidhalasz/go-bookings/internal/handlers/handlers.go:62.74,64.9 2 1
github.com/davidhalasz/go-bookings/internal/handlers/handlers.go:64.9,68.3 3 1
github.com/davidhalasz/go-bookings/internal/handlers/handlers.go:70.2,71.16 2 1
github.com/davidhalasz/go-bookings/internal/handlers/handlers.go:71.16,75.3 3 1
github.com/davidhalasz/go-bookings/internal/handlers/handlers.go:77.2,95.4 10 1
github.com/davidhalasz/go-bookings/internal/handlers/handlers.go:98.78,100.9 2 0
github.com/davidhalasz/go-bookings/internal/handlers/handlers.go:100.9,103.3 2 0
github.com/davidhalasz/go-bookings/internal/handlers/handlers.go:105.2,106.16 2 0
github.com/davidhalasz/go-bookings/internal/handlers/handlers.go:106.16,109.3 2 0
github.com/davidhalasz/go-bookings/internal/handlers/handlers.go:111.2,122.19 9 0
github.com/davidhalasz/go-bookings/internal/handlers/handlers.go:122.19,131.3 4 0
github.com/davidhalasz/go-bookings/internal/handlers/handlers.go:133.2,134.16 2 0
github.com/davidhalasz/go-bookings/internal/handlers/handlers.go:134.16,137.3 2 0
github.com/davidhalasz/go-bookings/internal/handlers/handlers.go:139.2,148.16 3 0
github.com/davidhalasz/go-bookings/internal/handlers/handlers.go:148.16,151.3 2 0
github.com/davidhalasz/go-bookings/internal/handlers/handlers.go:153.2,155.66 2 0
github.com/davidhalasz/go-bookings/internal/handlers/handlers.go:158.75,160.2 1 1
github.com/davidhalasz/go-bookings/internal/handlers/handlers.go:162.79,168.16 5 0
github.com/davidhalasz/go-bookings/internal/handlers/handlers.go:168.16,170.3 1 0
github.com/davidhalasz/go-bookings/internal/handlers/handlers.go:172.2,173.16 2 0
github.com/davidhalasz/go-bookings/internal/handlers/handlers.go:173.16,176.3 2 0
github.com/davidhalasz/go-bookings/internal/handlers/handlers.go:178.2,179.16 2 0
github.com/davidhalasz/go-bookings/internal/handlers/handlers.go:179.16,182.3 2 0
github.com/davidhalasz/go-bookings/internal/handlers/handlers.go:184.2,184.21 1 0
github.com/davidhalasz/go-bookings/internal/handlers/handlers.go:184.21,188.3 3 0
github.com/davidhalasz/go-bookings/internal/handlers/handlers.go:190.2,202.4 5 0
github.com/davidhalasz/go-bookings/internal/handlers/handlers.go:213.79,233.16 10 0
github.com/davidhalasz/go-bookings/internal/handlers/handlers.go:233.16,236.3 2 0
github.com/davidhalasz/go-bookings/internal/handlers/handlers.go:238.2,239.14 2 0
github.com/davidhalasz/go-bookings/internal/handlers/handlers.go:242.81,244.9 2 0
github.com/davidhalasz/go-bookings/internal/handlers/handlers.go:244.9,249.3 4 0
github.com/davidhalasz/go-bookings/internal/handlers/handlers.go:251.2,264.4 9 0
github.com/davidhalasz/go-bookings/internal/handlers/handlers.go:267.73,269.16 2 0
github.com/davidhalasz/go-bookings/internal/handlers/handlers.go:269.16,272.3 2 0
github.com/davidhalasz/go-bookings/internal/handlers/handlers.go:274.2,275.9 2 0
github.com/davidhalasz/go-bookings/internal/handlers/handlers.go:275.9,278.3 2 0
github.com/davidhalasz/go-bookings/internal/handlers/handlers.go:280.2,283.63 3 0
github.com/davidhalasz/go-bookings/internal/handlers/handlers.go:286.71,298.16 9 0
github.com/davidhalasz/go-bookings/internal/handlers/handlers.go:298.16,301.3 2 0
github.com/davidhalasz/go-bookings/internal/handlers/handlers.go:303.2,309.63 6 0
